
> see-it-app@1.0.21 build
> remix vite:build

[36mvite v6.4.1 [32mbuilding for production...[36m[39m
transforming...
[32m✓[39m 1515 modules transformed.
rendering chunks...
computing gzip size...
[2mbuild/client/[22m[32m.vite/manifest.json                            [39m[1m[2m  9.79 kB[22m[1m[22m[2m │ gzip:  1.22 kB[22m
[2mbuild/client/[22m[35massets/route-CNPfFM0M.css                      [39m[1m[2m  0.76 kB[22m[1m[22m[2m │ gzip:  0.35 kB[22m
[2mbuild/client/[22m[35massets/styles-CV7GIAUv.css                     [39m[1m[2m443.54 kB[22m[1m[22m[2m │ gzip: 52.24 kB[22m
[2mbuild/client/[22m[36massets/api.products.batch-prepare-l0sNRNKZ.js  [39m[1m[2m  0.00 kB[22m[1m[22m[2m │ gzip:  0.02 kB[22m
[2mbuild/client/[22m[36massets/app-proxy.product.prepared-l0sNRNKZ.js  [39m[1m[2m  0.00 kB[22m[1m[22m[2m │ gzip:  0.02 kB[22m
[2mbuild/client/[22m[36massets/webhooks.app.scopes_update-l0sNRNKZ.js  [39m[1m[2m  0.00 kB[22m[1m[22m[2m │ gzip:  0.02 kB[22m
[2mbuild/client/[22m[36massets/app-proxy.room.mask-start-l0sNRNKZ.js   [39m[1m[2m  0.00 kB[22m[1m[22m[2m │ gzip:  0.02 kB[22m
[2mbuild/client/[22m[36massets/webhooks.app.uninstalled-l0sNRNKZ.js    [39m[1m[2m  0.00 kB[22m[1m[22m[2m │ gzip:  0.02 kB[22m
[2mbuild/client/[22m[36massets/webhooks.products.update-l0sNRNKZ.js    [39m[1m[2m  0.00 kB[22m[1m[22m[2m │ gzip:  0.02 kB[22m
[2mbuild/client/[22m[36massets/app-proxy.room.cleanup-l0sNRNKZ.js      [39m[1m[2m  0.00 kB[22m[1m[22m[2m │ gzip:  0.02 kB[22m
[2mbuild/client/[22m[36massets/app-proxy.room.confirm-l0sNRNKZ.js      [39m[1m[2m  0.00 kB[22m[1m[22m[2m │ gzip:  0.02 kB[22m
[2mbuild/client/[22m[36massets/webhooks.app.installed-l0sNRNKZ.js      [39m[1m[2m  0.00 kB[22m[1m[22m[2m │ gzip:  0.02 kB[22m
[2mbuild/client/[22m[36massets/api.products.prepare-l0sNRNKZ.js        [39m[1m[2m  0.00 kB[22m[1m[22m[2m │ gzip:  0.02 kB[22m
[2mbuild/client/[22m[36massets/app-proxy.room.start-l0sNRNKZ.js        [39m[1m[2m  0.00 kB[22m[1m[22m[2m │ gzip:  0.02 kB[22m
[2mbuild/client/[22m[36massets/app-proxy.render-l0sNRNKZ.js            [39m[1m[2m  0.00 kB[22m[1m[22m[2m │ gzip:  0.02 kB[22m
[2mbuild/client/[22m[36massets/app-proxy.render._jobId-l0sNRNKZ.js     [39m[1m[2m  0.00 kB[22m[1m[22m[2m │ gzip:  0.02 kB[22m
[2mbuild/client/[22m[36massets/api.billing-l0sNRNKZ.js                 [39m[1m[2m  0.00 kB[22m[1m[22m[2m │ gzip:  0.02 kB[22m
[2mbuild/client/[22m[36massets/api.billing.callback-l0sNRNKZ.js        [39m[1m[2m  0.00 kB[22m[1m[22m[2m │ gzip:  0.02 kB[22m
[2mbuild/client/[22m[36massets/auth._-l0sNRNKZ.js                      [39m[1m[2m  0.00 kB[22m[1m[22m[2m │ gzip:  0.02 kB[22m
[2mbuild/client/[22m[36massets/TitleBar-DFMSJ8Yc.js                    [39m[1m[2m  0.04 kB[22m[1m[22m[2m │ gzip:  0.06 kB[22m
[2mbuild/client/[22m[36massets/banner-context-LIMtssr9.js              [39m[1m[2m  0.08 kB[22m[1m[22m[2m │ gzip:  0.10 kB[22m
[2mbuild/client/[22m[36massets/route-CD5JEwB2.js                       [39m[1m[2m  0.84 kB[22m[1m[22m[2m │ gzip:  0.45 kB[22m
[2mbuild/client/[22m[36massets/root-BD5iV69i.js                        [39m[1m[2m  1.54 kB[22m[1m[22m[2m │ gzip:  0.88 kB[22m
[2mbuild/client/[22m[36massets/Layout-168KUnok.js                      [39m[1m[2m  1.60 kB[22m[1m[22m[2m │ gzip:  0.58 kB[22m
[2mbuild/client/[22m[36massets/route-CZSFzIWT.js                       [39m[1m[2m  1.64 kB[22m[1m[22m[2m │ gzip:  0.87 kB[22m
[2mbuild/client/[22m[36massets/app.additional-Cr-Sbkne.js              [39m[1m[2m  2.69 kB[22m[1m[22m[2m │ gzip:  1.17 kB[22m
[2mbuild/client/[22m[36massets/Sticky-CrcDk4bM.js                      [39m[1m[2m  3.66 kB[22m[1m[22m[2m │ gzip:  1.41 kB[22m
[2mbuild/client/[22m[36massets/entry.client-CAsupsSH.js                [39m[1m[2m  3.86 kB[22m[1m[22m[2m │ gzip:  1.47 kB[22m
[2mbuild/client/[22m[36massets/styles-HAie5ZKF.js                      [39m[1m[2m  5.96 kB[22m[1m[22m[2m │ gzip:  2.45 kB[22m
[2mbuild/client/[22m[36massets/process-DXI9N2O3.js                     [39m[1m[2m  7.98 kB[22m[1m[22m[2m │ gzip:  2.94 kB[22m
[2mbuild/client/[22m[36massets/app._index-B7N97gnd.js                  [39m[1m[2m  8.00 kB[22m[1m[22m[2m │ gzip:  2.13 kB[22m
[2mbuild/client/[22m[36massets/ProgressBar-CDuxJjTR.js                 [39m[1m[2m  9.05 kB[22m[1m[22m[2m │ gzip:  3.09 kB[22m
[2mbuild/client/[22m[36massets/app.analytics-Cgjsw8GI.js               [39m[1m[2m 19.95 kB[22m[1m[22m[2m │ gzip:  6.15 kB[22m
[2mbuild/client/[22m[36massets/app-DqnrYiW6.js                         [39m[1m[2m 38.65 kB[22m[1m[22m[2m │ gzip: 12.51 kB[22m
[2mbuild/client/[22m[36massets/app.products-Bti10JCe.js                [39m[1m[2m 46.88 kB[22m[1m[22m[2m │ gzip: 14.61 kB[22m
[2mbuild/client/[22m[36massets/Page-BRTe9oPj.js                        [39m[1m[2m 88.10 kB[22m[1m[22m[2m │ gzip: 27.03 kB[22m
[2mbuild/client/[22m[36massets/components-C38Zml84.js                  [39m[1m[2m113.93 kB[22m[1m[22m[2m │ gzip: 37.19 kB[22m
[2mbuild/client/[22m[36massets/index-BybyV3_0.js                       [39m[1m[2m143.29 kB[22m[1m[22m[2m │ gzip: 45.97 kB[22m
[2mbuild/client/[22m[36massets/context-BhLw_eyp.js                     [39m[1m[2m151.78 kB[22m[1m[22m[2m │ gzip: 17.07 kB[22m
[32m✓ built in 2.42s[39m
[36mvite v6.4.1 [32mbuilding SSR bundle for production...[36m[39m
transforming...
[32m✓[39m 42 modules transformed.
